<?xml version="1.0" encoding="UTF-8"?>
<!-- Generated by org.testng.reporters.JUnitReportReporter -->
<<<<<<< HEAD
<testsuite hostname="MOMDAD" failures="0" tests="1" name="org.POM_TestCases.PushpaMovieDetailsFromIMDBSourceTC" time="10.053" errors="0" timestamp="2024-02-21T20:20:15 IST" skipped="0">
  <testcase classname="org.POM_TestCases.PushpaMovieDetailsFromIMDBSourceTC" name="verifyPushpaMovieDetailsFromIMDB" time="10.053"/>
=======
<testsuite hostname="MOMDAD" failures="0" tests="1" name="org.POM_TestCases.PushpaMovieDetailsFromIMDBSourceTC" time="19.815" errors="0" timestamp="2023-09-18T16:56:48 IST" skipped="0">
  <testcase classname="org.POM_TestCases.PushpaMovieDetailsFromIMDBSourceTC" name="verifyPushpaMovieDetailsFromIMDB" time="19.815"/>
>>>>>>> 1151ccb50a477c6a1edc8e659f6d38cfa8998e84
  <system-out>
    <![CDATA[country name is =India
release date is =December 17, 2021 (United States)]]>
  </system-out>
</testsuite> <!-- org.POM_TestCases.PushpaMovieDetailsFromIMDBSourceTC -->
