<?xml version="1.0" encoding="UTF-8"?>
<!-- Generated by org.testng.reporters.JUnitReportReporter -->
<testsuite hostname="MOMDAD" failures="0" tests="1" name="org.POM_TestCases.PushPaMovieDetailsFromWickipediaSourceTC" time="4.240" errors="0" timestamp="2024-02-21T20:20:15 IST" skipped="0">
  <testcase classname="org.POM_TestCases.PushPaMovieDetailsFromWickipediaSourceTC" name="verifyMovieInformation" time="4.240"/>
  <system-out>
    <![CDATA[country name is =India
release date is =17 December 2021]]>
  </system-out>
</testsuite> <!-- org.POM_TestCases.PushPaMovieDetailsFromWickipediaSourceTC -->
