<?xml version="1.0" encoding="UTF-8"?>
<!-- Generated by org.testng.reporters.JUnitReportReporter -->
<testsuite hostname="MOMDAD" failures="0" tests="1" name="org.POM_TestCases.PushpaMovieDetailsFromIMDBSourceTC" time="25.929" errors="0" timestamp="2023-09-11T23:15:07 IST" skipped="0">
  <testcase classname="org.POM_TestCases.PushpaMovieDetailsFromIMDBSourceTC" name="verifyPushpaMovieDetailsFromIMDB" time="25.929"/>
  <system-out>
    <![CDATA[country name is =India
release date is =December 17, 2021 (United States)]]>
  </system-out>
</testsuite> <!-- org.POM_TestCases.PushpaMovieDetailsFromIMDBSourceTC -->
